\BOOKMARK [0][-]{chapter*.1}{\376\377\144\130\000\040\211\201}{}% 1
\BOOKMARK [0][-]{chapter*.2}{\376\377\000A\000B\000S\000T\000R\000A\000C\000T}{}% 2
\BOOKMARK [0][-]{chapter*.3}{\376\377\166\356\000\040\137\125}{}% 3
\BOOKMARK [0][-]{chapter.1}{\376\377\173\054\116\000\172\340\000\040\000\040\176\352\213\272}{}% 4
\BOOKMARK [1][-]{section.1.1}{\376\377\0001\000.\0001\000\040\170\024\172\166\200\314\146\157\116\016\141\017\116\111}{chapter.1}% 5
\BOOKMARK [1][-]{section.1.2}{\376\377\0001\000.\0002\000\040\126\375\121\205\131\026\170\024\172\166\163\260\162\266}{chapter.1}% 6
\BOOKMARK [2][-]{subsection.1.2.1}{\376\377\0001\000.\0002\000.\0001\000\040\135\345\116\032\217\307\172\013\145\105\226\234\213\312\145\255\170\024\172\166\217\333\134\125}{section.1.2}% 7
\BOOKMARK [2][-]{subsection.1.2.2}{\376\377\0001\000.\0002\000.\0002\000\040\217\301\171\373\133\146\116\140\116\016\230\206\127\337\201\352\220\002\136\224\170\024\172\166\217\333\134\125}{section.1.2}% 8
\BOOKMARK [2][-]{subsection.1.2.3}{\376\377\0001\000.\0002\000.\0003\000\040\000T\000E\000P\000\040\215\350\135\345\121\265\217\301\171\373\213\312\145\255\170\024\172\166\163\260\162\266}{section.1.2}% 9
\BOOKMARK [1][-]{section.1.3}{\376\377\0001\000.\0003\000\040\170\024\172\166\121\205\133\271\116\016\142\200\147\057\215\357\176\277}{chapter.1}% 10
\BOOKMARK [1][-]{section.1.4}{\376\377\0001\000.\0004\000\040\170\024\172\166\225\356\230\230\060\001\150\070\137\303\143\021\142\030\116\016\122\033\145\260\160\271}{chapter.1}% 11
\BOOKMARK [2][-]{subsection.1.4.1}{\376\377\0001\000.\0004\000.\0001\000\040\122\033\145\260\133\232\117\115\213\364\146\016}{section.1.4}% 12
\BOOKMARK [1][-]{section.1.5}{\376\377\0001\000.\0005\000\040\213\272\145\207\176\323\147\204\133\211\143\222}{chapter.1}% 13
\BOOKMARK [0][-]{chapter.2}{\376\377\173\054\116\214\172\340\000\040\000\040\215\350\135\345\121\265\217\301\171\373\213\312\145\255\166\204\127\372\121\306\201\011\176\334}{}% 14
\BOOKMARK [1][-]{section.2.1}{\376\377\0002\000.\0001\000\040\116\373\122\241\133\232\116\111\116\016\176\337\116\000\116\373\122\241\217\271\165\114}{chapter.2}% 15
\BOOKMARK [1][-]{section.2.2}{\376\377\0002\000.\0002\000\040\127\372\121\306\147\204\136\372\123\237\122\031}{chapter.2}% 16
\BOOKMARK [1][-]{section.2.3}{\376\377\0002\000.\0003\000\040\127\337\133\232\116\111\116\016\176\337\116\000\217\223\121\145\210\150\171\072}{chapter.2}% 17
\BOOKMARK [1][-]{section.2.4}{\376\377\0002\000.\0004\000\040\121\161\116\253\232\250\136\162\177\121\176\334}{chapter.2}% 18
\BOOKMARK [1][-]{section.2.5}{\376\377\0002\000.\0005\000\040\127\372\170\100\213\255\176\303\166\356\150\007}{chapter.2}% 19
\BOOKMARK [1][-]{section.2.6}{\376\377\0002\000.\0006\000\040\121\170\127\213\127\372\176\277\145\271\154\325\116\016\123\302\200\003\145\271\154\325}{chapter.2}% 20
\BOOKMARK [2][-]{subsection.2.6.1}{\376\377\0002\000.\0006\000.\0001\000\040\000S\000o\000u\000r\000c\000e\000\040\000O\000n\000l\000y}{section.2.6}% 21
\BOOKMARK [2][-]{subsection.2.6.2}{\376\377\0002\000.\0006\000.\0002\000\040\000T\000a\000r\000g\000e\000t\000\040\000O\000n\000l\000y}{section.2.6}% 22
\BOOKMARK [2][-]{subsection.2.6.3}{\376\377\0002\000.\0006\000.\0003\000\040\122\006\136\003\133\371\237\120\145\271\154\325}{section.2.6}% 23
\BOOKMARK [2][-]{subsection.2.6.4}{\376\377\0002\000.\0006\000.\0004\000\040\133\371\142\227\137\017\145\271\154\325}{section.2.6}% 24
\BOOKMARK [2][-]{subsection.2.6.5}{\376\377\0002\000.\0006\000.\0005\000\040\147\000\117\030\117\040\217\223\145\271\154\325}{section.2.6}% 25
\BOOKMARK [1][-]{section.2.7}{\376\377\0002\000.\0007\000\040\213\304\116\367\143\007\150\007\116\016\152\041\127\213\220\011\142\351}{chapter.2}% 26
\BOOKMARK [1][-]{section.2.8}{\376\377\0002\000.\0008\000\040\147\054\172\340\134\017\176\323}{chapter.2}% 27
\BOOKMARK [0][-]{chapter.3}{\376\377\173\054\116\011\172\340\000\040\000\040\145\131\136\010\040\023\133\146\165\037\145\366\136\217\116\000\201\364\140\047\201\352\220\002\136\224}{}% 28
\BOOKMARK [1][-]{section.3.1}{\376\377\0003\000.\0001\000\040\152\041\127\127\133\232\117\115}{chapter.3}% 29
\BOOKMARK [1][-]{section.3.2}{\376\377\0003\000.\0002\000\040\131\061\145\110\152\041\137\017\122\006\147\220\116\016\213\276\213\241\140\035\215\357}{chapter.3}% 30
\BOOKMARK [1][-]{section.3.3}{\376\377\0003\000.\0003\000\040\000R\000C\000T\000A\000\040\140\073\117\123\150\106\147\266\116\055\166\204\000\040\000A\000\040\152\041\127\127}{chapter.3}% 31
\BOOKMARK [1][-]{section.3.4}{\376\377\0003\000.\0004\000\040\000E\000M\000A\000\040\145\131\136\010\177\121\176\334}{chapter.3}% 32
\BOOKMARK [1][-]{section.3.5}{\376\377\0003\000.\0005\000\040\137\061\137\072\123\314\211\306\126\376\145\366\136\217\130\236\137\072}{chapter.3}% 33
\BOOKMARK [1][-]{section.3.6}{\376\377\0003\000.\0006\000\040\116\000\201\364\140\047\143\137\131\061\123\312\121\166\116\016\133\371\237\120\122\006\145\057\166\204\123\117\124\014}{chapter.3}% 34
\BOOKMARK [1][-]{section.3.7}{\376\377\0003\000.\0007\000\040\152\041\127\127\145\066\166\312\060\001\217\271\165\114\116\016\133\236\163\260\133\371\136\224}{chapter.3}% 35
\BOOKMARK [1][-]{section.3.8}{\376\377\0003\000.\0008\000\040\147\054\172\340\134\017\176\323}{chapter.3}% 36
\BOOKMARK [0][-]{chapter.4}{\376\377\173\054\126\333\172\340\000\040\000\040\123\357\227\140\140\047\225\350\143\247\166\204\117\052\150\007\173\176\133\146\116\140}{}% 37
\BOOKMARK [1][-]{section.4.1}{\376\377\0004\000.\0001\000\040\152\041\127\127\133\232\117\115}{chapter.4}% 38
\BOOKMARK [1][-]{section.4.2}{\376\377\0004\000.\0002\000\040\117\052\150\007\173\176\213\357\135\356\117\040\144\255\122\006\147\220}{chapter.4}% 39
\BOOKMARK [1][-]{section.4.3}{\376\377\0004\000.\0003\000\040\131\032\126\340\175\040\123\357\227\140\140\047\213\304\122\006}{chapter.4}% 40
\BOOKMARK [1][-]{section.4.4}{\376\377\0004\000.\0004\000\040\143\011\174\173\225\350\143\247\116\016\150\067\147\054\143\245\176\263\213\376\172\013}{chapter.4}% 41
\BOOKMARK [1][-]{section.4.5}{\376\377\0004\000.\0005\000\040\122\006\134\102\122\051\165\050\377\032\123\357\227\140\060\001\123\112\123\357\227\140\116\016\116\015\123\357\227\140\150\067\147\054}{chapter.4}% 42
\BOOKMARK [1][-]{section.4.6}{\376\377\0004\000.\0006\000\040\123\357\227\140\140\047\122\240\147\103\117\052\150\007\173\176\143\137\131\061\116\016\217\205\122\251\153\143\122\031}{chapter.4}% 43
\BOOKMARK [1][-]{section.4.7}{\376\377\0004\000.\0007\000\040\116\016\122\115\124\016\152\041\127\127\166\204\200\046\124\010\121\163\174\373}{chapter.4}% 44
\BOOKMARK [1][-]{section.4.8}{\376\377\0004\000.\0008\000\040\147\054\172\340\134\017\176\323}{chapter.4}% 45
\BOOKMARK [0][-]{chapter.5}{\376\377\173\054\116\224\172\340\000\040\000\040\123\314\123\237\127\213\213\260\137\306\166\204\174\173\147\141\116\366\176\323\147\204\176\246\147\137}{}% 46
\BOOKMARK [1][-]{section.5.1}{\376\377\0005\000.\0001\000\040\152\041\127\127\133\232\117\115}{chapter.5}% 47
\BOOKMARK [1][-]{section.5.2}{\376\377\0005\000.\0002\000\040\174\173\147\141\116\366\176\323\147\204\177\072\131\061\166\204\210\150\163\260}{chapter.5}% 48
\BOOKMARK [1][-]{section.5.3}{\376\377\0005\000.\0003\000\040\156\220\127\337\123\237\127\213\213\260\137\306}{chapter.5}% 49
\BOOKMARK [1][-]{section.5.4}{\376\377\0005\000.\0004\000\040\166\356\150\007\127\337\123\237\127\213\213\260\137\306}{chapter.5}% 50
\BOOKMARK [1][-]{section.5.5}{\376\377\0005\000.\0005\000\040\123\302\200\003\123\237\127\213\147\204\220\040}{chapter.5}% 51
\BOOKMARK [1][-]{section.5.6}{\376\377\0005\000.\0006\000\040\123\237\127\213\124\070\137\025\143\137\131\061}{chapter.5}% 52
\BOOKMARK [1][-]{section.5.7}{\376\377\0005\000.\0007\000\040\123\237\127\213\122\006\171\273\143\137\131\061}{chapter.5}% 53
\BOOKMARK [1][-]{section.5.8}{\376\377\0005\000.\0008\000\040\152\041\127\127\117\134\165\050\122\006\147\220\116\016\134\100\226\120\140\047}{chapter.5}% 54
\BOOKMARK [1][-]{section.5.9}{\376\377\0005\000.\0009\000\040\147\054\172\340\134\017\176\323}{chapter.5}% 55
\BOOKMARK [0][-]{chapter.6}{\376\377\173\054\121\155\172\340\000\040\000\040\213\376\172\013\123\026\117\030\123\026\116\016\133\214\145\164\213\255\176\303\155\101\172\013}{}% 56
\BOOKMARK [1][-]{section.6.1}{\376\377\0006\000.\0001\000\040\152\041\127\127\133\232\117\115}{chapter.6}% 57
\BOOKMARK [1][-]{section.6.2}{\376\377\0006\000.\0002\000\040\116\044\176\247\213\376\172\013\147\072\122\066}{chapter.6}% 58
\BOOKMARK [2][-]{subsection.6.2.1}{\376\377\0006\000.\0002\000.\0001\000\040\225\350\143\247\213\376\172\013}{section.6.2}% 59
\BOOKMARK [2][-]{subsection.6.2.2}{\376\377\0006\000.\0002\000.\0002\000\040\143\137\131\061\213\376\172\013}{section.6.2}% 60
\BOOKMARK [1][-]{section.6.3}{\376\377\0006\000.\0003\000\040\133\214\145\164\166\356\150\007\121\375\145\160}{chapter.6}% 61
\BOOKMARK [1][-]{section.6.4}{\376\377\0006\000.\0004\000\040\177\156\117\341\117\335\142\244\127\213\152\041\127\213\220\011\142\351\116\016\145\351\120\134}{chapter.6}% 62
\BOOKMARK [1][-]{section.6.5}{\376\377\0006\000.\0005\000\040\213\255\176\303\155\101\172\013\210\150}{chapter.6}% 63
\BOOKMARK [1][-]{section.6.6}{\376\377\0006\000.\0006\000\040\220\022\217\333\232\214\213\301\116\055\166\204\000\040\000D\000\040\152\041\127\127\124\053\116\111}{chapter.6}% 64
\BOOKMARK [1][-]{section.6.7}{\376\377\0006\000.\0007\000\040\147\054\172\340\134\017\176\323}{chapter.6}% 65
\BOOKMARK [0][-]{chapter.7}{\376\377\173\054\116\003\172\340\000\040\000\040\133\236\232\214\213\276\213\241\116\016\176\323\147\234\176\304\176\307}{}% 66
\BOOKMARK [1][-]{section.7.1}{\376\377\0007\000.\0001\000\040\133\236\232\214\172\340\202\202\133\232\117\115}{chapter.7}% 67
\BOOKMARK [1][-]{section.7.2}{\376\377\0007\000.\0002\000\040\145\160\143\156\226\306\116\016\000\040\000b\000e\000n\000c\000h\000m\000a\000r\000k\000\040\127\072\146\157}{chapter.7}% 68
\BOOKMARK [2][-]{subsection.7.2.1}{\376\377\0007\000.\0002\000.\0001\000\040\000T\000E\000P\000\040\230\206\127\337\201\352\220\002\136\224\145\160\143\156\226\306}{section.7.2}% 69
\BOOKMARK [2][-]{subsection.7.2.2}{\376\377\0007\000.\0002\000.\0002\000\040\0001\0001\000\040\116\052\127\072\146\157\166\204\000\040\000f\000i\000x\000e\000d\000-\000f\000o\000l\000d\000\040\000b\000e\000n\000c\000h\000m\000a\000r\000k}{section.7.2}% 70
\BOOKMARK [1][-]{section.7.3}{\376\377\0007\000.\0003\000\040\176\337\116\000\133\236\232\214\123\117\213\256}{chapter.7}% 71
\BOOKMARK [2][-]{subsection.7.3.1}{\376\377\0007\000.\0003\000.\0001\000\040\217\223\121\145\230\204\131\004\164\006\116\016\137\122\116\000\123\026}{section.7.3}% 72
\BOOKMARK [2][-]{subsection.7.3.2}{\376\377\0007\000.\0003\000.\0002\000\040\145\271\154\325\226\306\124\010\116\016\213\255\176\303\213\276\177\156}{section.7.3}% 73
\BOOKMARK [2][-]{subsection.7.3.3}{\376\377\0007\000.\0003\000.\0003\000\040\217\320\210\114\124\175\116\344\116\016\176\323\147\234\116\247\162\151}{section.7.3}% 74
\BOOKMARK [1][-]{section.7.4}{\376\377\0007\000.\0004\000\040\140\073\117\123\000\040\000b\000e\000n\000c\000h\000m\000a\000r\000k\000\040\176\323\147\234\123\140\117\115}{chapter.7}% 75
\BOOKMARK [2][-]{subsection.7.4.1}{\376\377\0007\000.\0004\000.\0001\000\040\0008\000\040\116\052\123\125\156\220\127\072\146\157\166\204\176\323\147\234\210\150}{section.7.4}% 76
\BOOKMARK [2][-]{subsection.7.4.2}{\376\377\0007\000.\0004\000.\0002\000\040\0003\000\040\116\052\131\032\156\220\127\072\146\157\166\204\176\323\147\234\210\150}{section.7.4}% 77
\BOOKMARK [2][-]{subsection.7.4.3}{\376\377\0007\000.\0004\000.\0003\000\040\145\271\154\325\140\073\117\123\154\107\140\073\210\150}{section.7.4}% 78
\BOOKMARK [1][-]{section.7.5}{\376\377\0007\000.\0005\000\040\133\232\140\047\122\006\147\220\126\376\116\366\123\140\117\115}{chapter.7}% 79
\BOOKMARK [1][-]{section.7.6}{\376\377\0007\000.\0006\000\040\152\041\127\127\220\022\217\333\232\214\213\301\166\204\124\016\176\355\123\140\117\115}{chapter.7}% 80
\BOOKMARK [1][-]{section.7.7}{\376\377\0007\000.\0007\000\040\147\054\172\340\134\017\176\323}{chapter.7}% 81
\BOOKMARK [0][-]{chapter.8}{\376\377\173\054\121\153\172\340\000\040\000\040\140\073\176\323\116\016\134\125\147\033}{}% 82
\BOOKMARK [1][-]{section.8.1}{\376\377\0008\000.\0001\000\040\121\150\145\207\135\345\117\134\140\073\176\323}{chapter.8}% 83
\BOOKMARK [1][-]{section.8.2}{\376\377\0008\000.\0002\000\040\116\073\211\201\176\323\213\272\116\016\226\066\153\265\140\047\213\244\213\306}{chapter.8}% 84
\BOOKMARK [1][-]{section.8.3}{\376\377\0008\000.\0003\000\040\137\123\122\115\116\015\215\263}{chapter.8}% 85
\BOOKMARK [1][-]{section.8.4}{\376\377\0008\000.\0004\000\040\227\142\124\021\146\364\137\072\122\033\145\260\140\047\166\204\123\107\176\247\145\271\124\021}{chapter.8}% 86
\BOOKMARK [1][-]{section.8.5}{\376\377\0008\000.\0005\000\040\124\016\176\355\135\345\117\134\133\211\143\222}{chapter.8}% 87
\BOOKMARK [1][-]{section.8.6}{\376\377\0008\000.\0006\000\040\147\054\172\340\134\017\176\323}{chapter.8}% 88
\BOOKMARK [0][-]{chapter*.14}{\376\377\123\302\200\003\145\207\163\056}{}% 89
\BOOKMARK [0][-]{appendix.A}{\376\377\226\104\137\125\000A\000\040\000\040\133\236\232\214\210\145\121\105\147\120\145\231}{}% 90
\BOOKMARK [1][-]{section.A.1}{\376\377\000A\000.\0001\000\040\226\104\137\125\213\364\146\016}{appendix.A}% 91
\BOOKMARK [1][-]{section.A.2}{\376\377\000A\000.\0002\000\040\127\372\176\277\116\016\123\302\200\003\145\271\154\325\121\163\225\056\215\205\123\302\145\160}{appendix.A}% 92
\BOOKMARK [1][-]{section.A.3}{\376\377\000A\000.\0003\000\040\000R\000C\000T\000A\000\040\000f\000i\000x\000e\000d\000-\000f\000o\000l\000d\000\040\221\115\177\156\144\130\211\201}{appendix.A}% 93
\BOOKMARK [1][-]{section.A.4}{\376\377\000A\000.\0004\000\040\000b\000e\000n\000c\000h\000m\000a\000r\000k\000\040\131\015\163\260\133\236\232\214\124\175\116\344}{appendix.A}% 94
\BOOKMARK [1][-]{section.A.5}{\376\377\000A\000.\0005\000\040\133\214\145\164\176\323\147\234\210\150\123\140\117\115}{appendix.A}% 95
\BOOKMARK [2][-]{subsection.A.5.1}{\376\377\000A\000.\0005\000.\0001\000\040\123\125\156\220\127\072\146\157\133\214\145\164\176\323\147\234}{section.A.5}% 96
\BOOKMARK [2][-]{subsection.A.5.2}{\376\377\000A\000.\0005\000.\0002\000\040\131\032\156\220\127\072\146\157\133\214\145\164\176\323\147\234}{section.A.5}% 97
\BOOKMARK [1][-]{section.A.6}{\376\377\000A\000.\0006\000\040\210\145\121\105\213\364\146\016}{appendix.A}% 98
\BOOKMARK [0][-]{appendix*.19}{\376\377\201\364\000\040\214\042}{}% 99
